<?xml version="1.0" encoding="UTF-8"?>
<!-- Generated by org.testng.reporters.JUnitXMLReporter -->
<testsuite hostname="LAPTOP-UMFJ6OLA" ignored="0" name="DrGarcia" tests="14" failures="5" timestamp="2021-11-24T20:33:13 IST" time="623.951" errors="0">
  <testcase name="signupTest" time="13.337" classname="com.DrGarcia.UserTestScripts.SignupUserTest"/>
  <testcase name="loginTest" time="11.321" classname="com.DrGarcia.UserTestScripts.LoginPageTest"/>
  <testcase name="forgotPassword" time="11.248" classname="com.DrGarcia.UserTestScripts.ForgotPasswordTest"/>
  <testcase name="MainpurchaseCourse" time="14.295" classname="com.DrGarcia.UserTestScripts.ApplyforMainCourseTest">
    <failure type="org.openqa.selenium.ElementClickInterceptedException" message="element click intercepted: Element &amp;lt;span style=&amp;quot;color:white; font-size:22px; cursor:pointer&amp;quot; onclick=&amp;quot;openNav()&amp;quot;&amp;gt;...&amp;lt;/span&amp;gt; is not clickable at point (1436, 31). Other element would receive the click: &amp;lt;div id=&amp;quot;cover&amp;quot; style=&amp;quot;position: absolute; height: 100%; width: 100%; background-color: white; z-index: 999999999; padding-top: 20%; opacity: 0.999993;&amp;quot;&amp;gt;...&amp;lt;/div&amp;gt;
  (Session info: chrome=96.0.4664.45)
Build info: version: &amp;apos;3.141.59&amp;apos;, revision: &amp;apos;e82be7d358&amp;apos;, time: &amp;apos;2018-11-14T08:17:03&amp;apos;
System info: host: &amp;apos;LAPTOP-UMFJ6OLA&amp;apos;, ip: &amp;apos;192.168.0.106&amp;apos;, os.name: &amp;apos;Windows 10&amp;apos;, os.arch: &amp;apos;amd64&amp;apos;, os.version: &amp;apos;10.0&amp;apos;, java.version: &amp;apos;1.8.0_281&amp;apos;
Driver info: org.openqa.selenium.chrome.ChromeDriver
Capabilities {acceptInsecureCerts: false, browserName: chrome, browserVersion: 96.0.4664.45, chrome: {chromedriverVersion: 95.0.4638.69 (6a1600ed572fe..., userDataDir: C:\Users\kalyan\AppData\Loc...}, goog:chromeOptions: {debuggerAddress: localhost:65029}, javascriptEnabled: true, networkConnectionEnabled: false, pageLoadStrategy: normal, platform: WINDOWS, platformName: WINDOWS, proxy: Proxy(), setWindowRect: true, strictFileInteractability: false, timeouts: {implicit: 0, pageLoad: 300000, script: 30000}, unhandledPromptBehavior: dismiss and notify, webauthn:extension:credBlob: true, webauthn:extension:largeBlob: true, webauthn:virtualAuthenticators: true}
Session ID: c9be6ee014e01e92f943bc717d12cee7">
      <![CDATA[org.openqa.selenium.ElementClickInterceptedException: element click intercepted: Element <span style="color:white; font-size:22px; cursor:pointer" onclick="openNav()">...</span> is not clickable at point (1436, 31). Other element would receive the click: <div id="cover" style="position: absolute; height: 100%; width: 100%; background-color: white; z-index: 999999999; padding-top: 20%; opacity: 0.999993;">...</div>
  (Session info: chrome=96.0.4664.45)
Build info: version: '3.141.59', revision: 'e82be7d358', time: '2018-11-14T08:17:03'
System info: host: 'LAPTOP-UMFJ6OLA', ip: '192.168.0.106', os.name: 'Windows 10', os.arch: 'amd64', os.version: '10.0', java.version: '1.8.0_281'
Driver info: org.openqa.selenium.chrome.ChromeDriver
Capabilities {acceptInsecureCerts: false, browserName: chrome, browserVersion: 96.0.4664.45, chrome: {chromedriverVersion: 95.0.4638.69 (6a1600ed572fe..., userDataDir: C:\Users\kalyan\AppData\Loc...}, goog:chromeOptions: {debuggerAddress: localhost:65029}, javascriptEnabled: true, networkConnectionEnabled: false, pageLoadStrategy: normal, platform: WINDOWS, platformName: WINDOWS, proxy: Proxy(), setWindowRect: true, strictFileInteractability: false, timeouts: {implicit: 0, pageLoad: 300000, script: 30000}, unhandledPromptBehavior: dismiss and notify, webauthn:extension:credBlob: true, webauthn:extension:largeBlob: true, webauthn:virtualAuthenticators: true}
Session ID: c9be6ee014e01e92f943bc717d12cee7
at org.openqa.selenium.remote.http.W3CHttpResponseCodec.createException(W3CHttpResponseCodec.java:187)
at org.openqa.selenium.remote.http.W3CHttpResponseCodec.decode(W3CHttpResponseCodec.java:122)
at org.openqa.selenium.remote.http.W3CHttpResponseCodec.decode(W3CHttpResponseCodec.java:49)
at org.openqa.selenium.remote.HttpCommandExecutor.execute(HttpCommandExecutor.java:158)
at org.openqa.selenium.remote.service.DriverCommandExecutor.execute(DriverCommandExecutor.java:83)
at org.openqa.selenium.remote.RemoteWebDriver.execute(RemoteWebDriver.java:552)
at org.openqa.selenium.remote.RemoteWebElement.execute(RemoteWebElement.java:285)
at org.openqa.selenium.remote.RemoteWebElement.click(RemoteWebElement.java:84)
at org.openqa.selenium.support.pagefactory.internal.LocatingElementHandler.invoke(LocatingElementHandler.java:51)
at com.sun.proxy.$Proxy12.click(Unknown Source)
at com.DrGarcia.UserPageLibrary.LandingPage.course(LandingPage.java:111)
at com.DrGarcia.UserTestScripts.ApplyforMainCourseTest.MainpurchaseCourse(ApplyforMainCourseTest.java:48)
at java.util.ArrayList.forEach(ArrayList.java:1259)
... Removed 35 stack frames]]>
    </failure>
  </testcase> <!-- MainpurchaseCourse -->
  <testcase name="purchaseCourse" time="21.108" classname="com.DrGarcia.UserTestScripts.ApplyForKnowledgeVideoTest"/>
  <testcase name="watch" time="56.921" classname="com.DrGarcia.UserTestScripts.WatchSessionTest">
    <failure type="org.openqa.selenium.NoSuchFrameException" message="No frame element found by name or id mai ncourse
Build info: version: &amp;apos;3.141.59&amp;apos;, revision: &amp;apos;e82be7d358&amp;apos;, time: &amp;apos;2018-11-14T08:17:03&amp;apos;
System info: host: &amp;apos;LAPTOP-UMFJ6OLA&amp;apos;, ip: &amp;apos;192.168.0.106&amp;apos;, os.name: &amp;apos;Windows 10&amp;apos;, os.arch: &amp;apos;amd64&amp;apos;, os.version: &amp;apos;10.0&amp;apos;, java.version: &amp;apos;1.8.0_281&amp;apos;
Driver info: driver.version: unknown">
      <![CDATA[org.openqa.selenium.NoSuchFrameException: No frame element found by name or id mai ncourse
Build info: version: '3.141.59', revision: 'e82be7d358', time: '2018-11-14T08:17:03'
System info: host: 'LAPTOP-UMFJ6OLA', ip: '192.168.0.106', os.name: 'Windows 10', os.arch: 'amd64', os.version: '10.0', java.version: '1.8.0_281'
Driver info: driver.version: unknown
at org.openqa.selenium.remote.RemoteWebDriver$RemoteTargetLocator.frame(RemoteWebDriver.java:885)
at com.DrGarcia.UserPageLibrary.CourseDetail.playbutton(CourseDetail.java:56)
at com.DrGarcia.UserTestScripts.WatchSessionTest.watch(WatchSessionTest.java:54)
at java.util.ArrayList.forEach(ArrayList.java:1259)
... Removed 27 stack frames]]>
    </failure>
  </testcase> <!-- watch -->
  <testcase name="userCheck" time="13.344" classname="com.DrGarcia.UserTestScripts.MyAccountTest">
    <failure type="java.lang.AssertionError" message="expected [Sushi Kanisiri] but found [Sushi KanisiriSushi Kanisiri]">
      <![CDATA[java.lang.AssertionError: expected [Sushi Kanisiri] but found [Sushi KanisiriSushi Kanisiri]
at com.DrGarcia.UserPageLibrary.MyAccount.changeUser(MyAccount.java:96)
at com.DrGarcia.UserTestScripts.MyAccountTest.userCheck(MyAccountTest.java:41)
at java.util.ArrayList.forEach(ArrayList.java:1259)
... Removed 33 stack frames]]>
    </failure>
  </testcase> <!-- userCheck -->
  <testcase name="newsLetter" time="0.568" classname="com.DrGarcia.UserTestScripts.FooterPageTest">
    <failure type="java.lang.AssertionError" message="failed due to You are Already Subscribed expected [Thanks for your subscribtion] but found [You are Already Subscribed]">
      <![CDATA[java.lang.AssertionError: failed due to You are Already Subscribed expected [Thanks for your subscribtion] but found [You are Already Subscribed]
at com.DrGarcia.UserPageLibrary.LandingPage.testNewsletter(LandingPage.java:125)
at com.DrGarcia.UserTestScripts.FooterPageTest.newsLetter(FooterPageTest.java:50)
at java.util.ArrayList.forEach(ArrayList.java:1259)
... Removed 32 stack frames]]>
    </failure>
  </testcase> <!-- newsLetter -->
  <testcase name="checkFacebooklink" time="20.031" classname="com.DrGarcia.UserTestScripts.FooterPageTest"/>
  <testcase name="checkLinkedinnLink" time="2.316" classname="com.DrGarcia.UserTestScripts.FooterPageTest">
    <failure type="java.lang.AssertionError" message="expected [Sign In | LinkedIn] but found [Dr. Garcia Biomagnetism | LinkedIn]">
      <![CDATA[java.lang.AssertionError: expected [Sign In | LinkedIn] but found [Dr. Garcia Biomagnetism | LinkedIn]
at com.DrGarcia.UserPageLibrary.LandingPage.linkedInn(LandingPage.java:148)
at com.DrGarcia.UserTestScripts.FooterPageTest.checkLinkedinnLink(FooterPageTest.java:60)
at java.util.ArrayList.forEach(ArrayList.java:1259)
... Removed 33 stack frames]]>
    </failure>
  </testcase> <!-- checkLinkedinnLink -->
  <testcase name="privacyPolicy" time="2.092" classname="com.DrGarcia.UserTestScripts.FooterPageTest"/>
  <testcase name="termsConditions" time="5.26" classname="com.DrGarcia.UserTestScripts.FooterPageTest"/>
  <testcase name="poweredByHelenzys" time="21.946" classname="com.DrGarcia.UserTestScripts.FooterPageTest"/>
  <testcase name="recentPost" time="1.504" classname="com.DrGarcia.UserTestScripts.FooterPageTest"/>
</testsuite> <!-- DrGarcia -->
