<?xml version="1.0" encoding="UTF-8"?>
<testng-results skipped="0" failed="4" ignored="0" total="13" passed="9">
  <reporter-output>
  </reporter-output>
  <suite name="Suite" duration-ms="732007" started-at="2021-11-19T16:54:17 IST" finished-at="2021-11-19T17:06:29 IST">
    <groups>
    </groups>
    <test name="Test" duration-ms="732007" started-at="2021-11-19T16:54:17 IST" finished-at="2021-11-19T17:06:29 IST">
      <class name="com.DrGarcia.UserTestScripts.ApplyForKnowledgeVideoTest">
        <test-method status="PASS" signature="setUp()[pri:0, instance:com.DrGarcia.UserTestScripts.ApplyForKnowledgeVideoTest@31f924f5]" name="setUp" is-config="true" duration-ms="23593" started-at="2021-11-19T16:57:15 IST" finished-at="2021-11-19T16:57:39 IST">
          <reporter-output>
          </reporter-output>
        </test-method> <!-- setUp -->
        <test-method status="PASS" signature="purchaseCourse()[pri:0, instance:com.DrGarcia.UserTestScripts.ApplyForKnowledgeVideoTest@31f924f5]" name="purchaseCourse" duration-ms="39336" started-at="2021-11-19T16:57:39 IST" finished-at="2021-11-19T16:58:18 IST">
          <reporter-output>
          </reporter-output>
        </test-method> <!-- purchaseCourse -->
      </class> <!-- com.DrGarcia.UserTestScripts.ApplyForKnowledgeVideoTest -->
      <class name="com.DrGarcia.UserTestScripts.SignupUserTest">
        <test-method status="PASS" signature="setUp()[pri:0, instance:com.DrGarcia.UserTestScripts.SignupUserTest@2de8284b]" name="setUp" is-config="true" duration-ms="28945" started-at="2021-11-19T16:54:17 IST" finished-at="2021-11-19T16:54:46 IST">
          <reporter-output>
          </reporter-output>
        </test-method> <!-- setUp -->
        <test-method status="PASS" signature="signupTest()[pri:0, instance:com.DrGarcia.UserTestScripts.SignupUserTest@2de8284b]" name="signupTest" duration-ms="10210" started-at="2021-11-19T16:54:46 IST" finished-at="2021-11-19T16:54:57 IST">
          <reporter-output>
          </reporter-output>
        </test-method> <!-- signupTest -->
        <test-method status="PASS" signature="closebrowser()[pri:0, instance:com.DrGarcia.UserTestScripts.SignupUserTest@2de8284b]" name="closebrowser" is-config="true" duration-ms="609" started-at="2021-11-19T16:55:11 IST" finished-at="2021-11-19T16:55:11 IST">
          <reporter-output>
          </reporter-output>
        </test-method> <!-- closebrowser -->
      </class> <!-- com.DrGarcia.UserTestScripts.SignupUserTest -->
      <class name="com.DrGarcia.UserTestScripts.ApplyforMainCourseTest">
        <test-method status="PASS" signature="setUp()[pri:0, instance:com.DrGarcia.UserTestScripts.ApplyforMainCourseTest@5c18298f]" name="setUp" is-config="true" duration-ms="19126" started-at="2021-11-19T16:56:29 IST" finished-at="2021-11-19T16:56:49 IST">
          <reporter-output>
          </reporter-output>
        </test-method> <!-- setUp -->
        <test-method status="FAIL" signature="MainpurchaseCourse()[pri:0, instance:com.DrGarcia.UserTestScripts.ApplyforMainCourseTest@5c18298f]" name="MainpurchaseCourse" duration-ms="15853" started-at="2021-11-19T16:56:49 IST" finished-at="2021-11-19T16:57:04 IST">
          <exception class="org.openqa.selenium.ElementClickInterceptedException">
            <message>
              <![CDATA[element click intercepted: Element <span style="color:white; font-size:22px; cursor:pointer" onclick="openNav()">...</span> is not clickable at point (1436, 31). Other element would receive the click: <div id="cover" style="position: absolute; height: 100%; width: 100%; background-color: white; z-index: 999999999; padding-top: 20%; opacity: 0.999993;">...</div>
  (Session info: chrome=96.0.4664.45)
Build info: version: '3.141.59', revision: 'e82be7d358', time: '2018-11-14T08:17:03'
System info: host: 'LAPTOP-UMFJ6OLA', ip: '192.168.0.106', os.name: 'Windows 10', os.arch: 'amd64', os.version: '10.0', java.version: '1.8.0_281'
Driver info: org.openqa.selenium.chrome.ChromeDriver
Capabilities {acceptInsecureCerts: false, browserName: chrome, browserVersion: 96.0.4664.45, chrome: {chromedriverVersion: 95.0.4638.69 (6a1600ed572fe..., userDataDir: C:\Users\kalyan\AppData\Loc...}, goog:chromeOptions: {debuggerAddress: localhost:51528}, javascriptEnabled: true, networkConnectionEnabled: false, pageLoadStrategy: normal, platform: WINDOWS, platformName: WINDOWS, proxy: Proxy(), setWindowRect: true, strictFileInteractability: false, timeouts: {implicit: 0, pageLoad: 300000, script: 30000}, unhandledPromptBehavior: dismiss and notify, webauthn:extension:credBlob: true, webauthn:extension:largeBlob: true, webauthn:virtualAuthenticators: true}
Session ID: 21e343c8824132ad039e91dfbd61e421]]>
            </message>
            <full-stacktrace>
              <![CDATA[org.openqa.selenium.ElementClickInterceptedException: element click intercepted: Element <span style="color:white; font-size:22px; cursor:pointer" onclick="openNav()">...</span> is not clickable at point (1436, 31). Other element would receive the click: <div id="cover" style="position: absolute; height: 100%; width: 100%; background-color: white; z-index: 999999999; padding-top: 20%; opacity: 0.999993;">...</div>
  (Session info: chrome=96.0.4664.45)
Build info: version: '3.141.59', revision: 'e82be7d358', time: '2018-11-14T08:17:03'
System info: host: 'LAPTOP-UMFJ6OLA', ip: '192.168.0.106', os.name: 'Windows 10', os.arch: 'amd64', os.version: '10.0', java.version: '1.8.0_281'
Driver info: org.openqa.selenium.chrome.ChromeDriver
Capabilities {acceptInsecureCerts: false, browserName: chrome, browserVersion: 96.0.4664.45, chrome: {chromedriverVersion: 95.0.4638.69 (6a1600ed572fe..., userDataDir: C:\Users\kalyan\AppData\Loc...}, goog:chromeOptions: {debuggerAddress: localhost:51528}, javascriptEnabled: true, networkConnectionEnabled: false, pageLoadStrategy: normal, platform: WINDOWS, platformName: WINDOWS, proxy: Proxy(), setWindowRect: true, strictFileInteractability: false, timeouts: {implicit: 0, pageLoad: 300000, script: 30000}, unhandledPromptBehavior: dismiss and notify, webauthn:extension:credBlob: true, webauthn:extension:largeBlob: true, webauthn:virtualAuthenticators: true}
Session ID: 21e343c8824132ad039e91dfbd61e421
at sun.reflect.NativeConstructorAccessorImpl.newInstance0(Native Method)
at sun.reflect.NativeConstructorAccessorImpl.newInstance(NativeConstructorAccessorImpl.java:62)
at sun.reflect.DelegatingConstructorAccessorImpl.newInstance(DelegatingConstructorAccessorImpl.java:45)
at java.lang.reflect.Constructor.newInstance(Constructor.java:423)
at org.openqa.selenium.remote.http.W3CHttpResponseCodec.createException(W3CHttpResponseCodec.java:187)
at org.openqa.selenium.remote.http.W3CHttpResponseCodec.decode(W3CHttpResponseCodec.java:122)
at org.openqa.selenium.remote.http.W3CHttpResponseCodec.decode(W3CHttpResponseCodec.java:49)
at org.openqa.selenium.remote.HttpCommandExecutor.execute(HttpCommandExecutor.java:158)
at org.openqa.selenium.remote.service.DriverCommandExecutor.execute(DriverCommandExecutor.java:83)
at org.openqa.selenium.remote.RemoteWebDriver.execute(RemoteWebDriver.java:552)
at org.openqa.selenium.remote.RemoteWebElement.execute(RemoteWebElement.java:285)
at org.openqa.selenium.remote.RemoteWebElement.click(RemoteWebElement.java:84)
at sun.reflect.NativeMethodAccessorImpl.invoke0(Native Method)
at sun.reflect.NativeMethodAccessorImpl.invoke(NativeMethodAccessorImpl.java:62)
at sun.reflect.DelegatingMethodAccessorImpl.invoke(DelegatingMethodAccessorImpl.java:43)
at java.lang.reflect.Method.invoke(Method.java:498)
at org.openqa.selenium.support.pagefactory.internal.LocatingElementHandler.invoke(LocatingElementHandler.java:51)
at com.sun.proxy.$Proxy10.click(Unknown Source)
at com.DrGarcia.UserPageLibrary.LandingPage.course(LandingPage.java:111)
at com.DrGarcia.UserTestScripts.ApplyforMainCourseTest.MainpurchaseCourse(ApplyforMainCourseTest.java:48)
at sun.reflect.NativeMethodAccessorImpl.invoke0(Native Method)
at sun.reflect.NativeMethodAccessorImpl.invoke(NativeMethodAccessorImpl.java:62)
at sun.reflect.DelegatingMethodAccessorImpl.invoke(DelegatingMethodAccessorImpl.java:43)
at java.lang.reflect.Method.invoke(Method.java:498)
at org.testng.internal.MethodInvocationHelper.invokeMethod(MethodInvocationHelper.java:133)
at org.testng.internal.TestInvoker.invokeMethod(TestInvoker.java:598)
at org.testng.internal.TestInvoker.invokeTestMethod(TestInvoker.java:173)
at org.testng.internal.MethodRunner.runInSequence(MethodRunner.java:46)
at org.testng.internal.TestInvoker$MethodInvocationAgent.invoke(TestInvoker.java:824)
at org.testng.internal.TestInvoker.invokeTestMethods(TestInvoker.java:146)
at org.testng.internal.TestMethodWorker.invokeTestMethods(TestMethodWorker.java:146)
at org.testng.internal.TestMethodWorker.run(TestMethodWorker.java:128)
at java.util.ArrayList.forEach(ArrayList.java:1259)
at org.testng.TestRunner.privateRun(TestRunner.java:794)
at org.testng.TestRunner.run(TestRunner.java:596)
at org.testng.SuiteRunner.runTest(SuiteRunner.java:377)
at org.testng.SuiteRunner.runSequentially(SuiteRunner.java:371)
at org.testng.SuiteRunner.privateRun(SuiteRunner.java:332)
at org.testng.SuiteRunner.run(SuiteRunner.java:276)
at org.testng.SuiteRunnerWorker.runSuite(SuiteRunnerWorker.java:53)
at org.testng.SuiteRunnerWorker.run(SuiteRunnerWorker.java:96)
at org.testng.TestNG.runSuitesSequentially(TestNG.java:1212)
at org.testng.TestNG.runSuitesLocally(TestNG.java:1134)
at org.testng.TestNG.runSuites(TestNG.java:1063)
at org.testng.TestNG.run(TestNG.java:1031)
at org.testng.remote.AbstractRemoteTestNG.run(AbstractRemoteTestNG.java:115)
at org.testng.remote.RemoteTestNG.initAndRun(RemoteTestNG.java:251)
at org.testng.remote.RemoteTestNG.main(RemoteTestNG.java:77)
]]>
            </full-stacktrace>
          </exception> <!-- org.openqa.selenium.ElementClickInterceptedException -->
          <reporter-output>
          </reporter-output>
        </test-method> <!-- MainpurchaseCourse -->
        <test-method status="PASS" signature="close()[pri:0, instance:com.DrGarcia.UserTestScripts.ApplyforMainCourseTest@5c18298f]" name="close" is-config="true" duration-ms="1" started-at="2021-11-19T16:57:15 IST" finished-at="2021-11-19T16:57:15 IST">
          <reporter-output>
          </reporter-output>
        </test-method> <!-- close -->
      </class> <!-- com.DrGarcia.UserTestScripts.ApplyforMainCourseTest -->
      <class name="com.DrGarcia.UserTestScripts.ForgotPasswordTest">
        <test-method status="PASS" signature="setUp()[pri:0, instance:com.DrGarcia.UserTestScripts.ForgotPasswordTest@27d415d9]" name="setUp" is-config="true" duration-ms="12659" started-at="2021-11-19T16:55:55 IST" finished-at="2021-11-19T16:56:08 IST">
          <reporter-output>
          </reporter-output>
        </test-method> <!-- setUp -->
        <test-method status="PASS" signature="forgotPassword()[pri:0, instance:com.DrGarcia.UserTestScripts.ForgotPasswordTest@27d415d9]" name="forgotPassword" duration-ms="10219" started-at="2021-11-19T16:56:08 IST" finished-at="2021-11-19T16:56:18 IST">
          <reporter-output>
          </reporter-output>
        </test-method> <!-- forgotPassword -->
      </class> <!-- com.DrGarcia.UserTestScripts.ForgotPasswordTest -->
      <class name="com.DrGarcia.UserTestScripts.WatchSessionTest">
        <test-method status="PASS" signature="setUp()[pri:0, instance:com.DrGarcia.UserTestScripts.WatchSessionTest@5579bb86]" name="setUp" is-config="true" duration-ms="27982" started-at="2021-11-19T16:58:19 IST" finished-at="2021-11-19T16:58:47 IST">
          <reporter-output>
          </reporter-output>
        </test-method> <!-- setUp -->
        <test-method status="PASS" signature="watch()[pri:0, instance:com.DrGarcia.UserTestScripts.WatchSessionTest@5579bb86]" name="watch" duration-ms="31859" started-at="2021-11-19T16:58:47 IST" finished-at="2021-11-19T16:59:19 IST">
          <reporter-output>
          </reporter-output>
        </test-method> <!-- watch -->
      </class> <!-- com.DrGarcia.UserTestScripts.WatchSessionTest -->
      <class name="com.DrGarcia.UserTestScripts.LoginPageTest">
        <test-method status="PASS" signature="setUp()[pri:0, instance:com.DrGarcia.UserTestScripts.LoginPageTest@fcd6521]" name="setUp" is-config="true" duration-ms="12843" started-at="2021-11-19T16:55:11 IST" finished-at="2021-11-19T16:55:24 IST">
          <reporter-output>
          </reporter-output>
        </test-method> <!-- setUp -->
        <test-method status="PASS" signature="loginTest()[pri:0, instance:com.DrGarcia.UserTestScripts.LoginPageTest@fcd6521]" name="loginTest" duration-ms="13057" started-at="2021-11-19T16:55:24 IST" finished-at="2021-11-19T16:55:37 IST">
          <reporter-output>
          </reporter-output>
        </test-method> <!-- loginTest -->
        <test-method status="PASS" signature="closebrowser()[pri:0, instance:com.DrGarcia.UserTestScripts.LoginPageTest@fcd6521]" name="closebrowser" is-config="true" duration-ms="798" started-at="2021-11-19T16:55:54 IST" finished-at="2021-11-19T16:55:55 IST">
          <reporter-output>
          </reporter-output>
        </test-method> <!-- closebrowser -->
      </class> <!-- com.DrGarcia.UserTestScripts.LoginPageTest -->
      <class name="com.DrGarcia.UserTestScripts.FooterPageTest">
        <test-method status="FAIL" signature="newsLetter()[pri:1, instance:com.DrGarcia.UserTestScripts.FooterPageTest@4fcd19b3]" name="newsLetter" duration-ms="85377" started-at="2021-11-19T16:59:23 IST" finished-at="2021-11-19T17:00:48 IST">
          <exception class="org.openqa.selenium.TimeoutException">
            <message>
              <![CDATA[timeout: Timed out receiving message from renderer: 10.000
  (Session info: chrome=96.0.4664.45)
Build info: version: '3.141.59', revision: 'e82be7d358', time: '2018-11-14T08:17:03'
System info: host: 'LAPTOP-UMFJ6OLA', ip: '192.168.0.106', os.name: 'Windows 10', os.arch: 'amd64', os.version: '10.0', java.version: '1.8.0_281'
Driver info: org.openqa.selenium.chrome.ChromeDriver
Capabilities {acceptInsecureCerts: false, browserName: chrome, browserVersion: 96.0.4664.45, chrome: {chromedriverVersion: 95.0.4638.69 (6a1600ed572fe..., userDataDir: C:\Users\kalyan\AppData\Loc...}, goog:chromeOptions: {debuggerAddress: localhost:51898}, javascriptEnabled: true, networkConnectionEnabled: false, pageLoadStrategy: normal, platform: WINDOWS, platformName: WINDOWS, proxy: Proxy(), setWindowRect: true, strictFileInteractability: false, timeouts: {implicit: 0, pageLoad: 300000, script: 30000}, unhandledPromptBehavior: dismiss and notify, webauthn:extension:credBlob: true, webauthn:extension:largeBlob: true, webauthn:virtualAuthenticators: true}
Session ID: 3d3d864b8ecf4c0d68546a32a0bf2801]]>
            </message>
            <full-stacktrace>
              <![CDATA[org.openqa.selenium.TimeoutException: timeout: Timed out receiving message from renderer: 10.000
  (Session info: chrome=96.0.4664.45)
Build info: version: '3.141.59', revision: 'e82be7d358', time: '2018-11-14T08:17:03'
System info: host: 'LAPTOP-UMFJ6OLA', ip: '192.168.0.106', os.name: 'Windows 10', os.arch: 'amd64', os.version: '10.0', java.version: '1.8.0_281'
Driver info: org.openqa.selenium.chrome.ChromeDriver
Capabilities {acceptInsecureCerts: false, browserName: chrome, browserVersion: 96.0.4664.45, chrome: {chromedriverVersion: 95.0.4638.69 (6a1600ed572fe..., userDataDir: C:\Users\kalyan\AppData\Loc...}, goog:chromeOptions: {debuggerAddress: localhost:51898}, javascriptEnabled: true, networkConnectionEnabled: false, pageLoadStrategy: normal, platform: WINDOWS, platformName: WINDOWS, proxy: Proxy(), setWindowRect: true, strictFileInteractability: false, timeouts: {implicit: 0, pageLoad: 300000, script: 30000}, unhandledPromptBehavior: dismiss and notify, webauthn:extension:credBlob: true, webauthn:extension:largeBlob: true, webauthn:virtualAuthenticators: true}
Session ID: 3d3d864b8ecf4c0d68546a32a0bf2801
at sun.reflect.NativeConstructorAccessorImpl.newInstance0(Native Method)
at sun.reflect.NativeConstructorAccessorImpl.newInstance(NativeConstructorAccessorImpl.java:62)
at sun.reflect.DelegatingConstructorAccessorImpl.newInstance(DelegatingConstructorAccessorImpl.java:45)
at java.lang.reflect.Constructor.newInstance(Constructor.java:423)
at org.openqa.selenium.remote.http.W3CHttpResponseCodec.createException(W3CHttpResponseCodec.java:187)
at org.openqa.selenium.remote.http.W3CHttpResponseCodec.decode(W3CHttpResponseCodec.java:122)
at org.openqa.selenium.remote.http.W3CHttpResponseCodec.decode(W3CHttpResponseCodec.java:49)
at org.openqa.selenium.remote.HttpCommandExecutor.execute(HttpCommandExecutor.java:158)
at org.openqa.selenium.remote.service.DriverCommandExecutor.execute(DriverCommandExecutor.java:83)
at org.openqa.selenium.remote.RemoteWebDriver.execute(RemoteWebDriver.java:552)
at org.openqa.selenium.remote.RemoteWebDriver.execute(RemoteWebDriver.java:609)
at org.openqa.selenium.remote.RemoteWebDriver.getScreenshotAs(RemoteWebDriver.java:295)
at com.DrGarcia.BasePackage.ListenerImplementation.onTestFailure(ListenerImplementation.java:47)
at org.testng.internal.TestListenerHelper.runTestListeners(TestListenerHelper.java:96)
at org.testng.internal.TestInvoker.runTestResultListener(TestInvoker.java:219)
at org.testng.internal.TestInvoker.invokeMethod(TestInvoker.java:656)
at org.testng.internal.TestInvoker.invokeTestMethod(TestInvoker.java:173)
at org.testng.internal.MethodRunner.runInSequence(MethodRunner.java:46)
at org.testng.internal.TestInvoker$MethodInvocationAgent.invoke(TestInvoker.java:824)
at org.testng.internal.TestInvoker.invokeTestMethods(TestInvoker.java:146)
at org.testng.internal.TestMethodWorker.invokeTestMethods(TestMethodWorker.java:146)
at org.testng.internal.TestMethodWorker.run(TestMethodWorker.java:128)
at java.util.ArrayList.forEach(ArrayList.java:1259)
at org.testng.TestRunner.privateRun(TestRunner.java:794)
at org.testng.TestRunner.run(TestRunner.java:596)
at org.testng.SuiteRunner.runTest(SuiteRunner.java:377)
at org.testng.SuiteRunner.runSequentially(SuiteRunner.java:371)
at org.testng.SuiteRunner.privateRun(SuiteRunner.java:332)
at org.testng.SuiteRunner.run(SuiteRunner.java:276)
at org.testng.SuiteRunnerWorker.runSuite(SuiteRunnerWorker.java:53)
at org.testng.SuiteRunnerWorker.run(SuiteRunnerWorker.java:96)
at org.testng.TestNG.runSuitesSequentially(TestNG.java:1212)
at org.testng.TestNG.runSuitesLocally(TestNG.java:1134)
at org.testng.TestNG.runSuites(TestNG.java:1063)
at org.testng.TestNG.run(TestNG.java:1031)
at org.testng.remote.AbstractRemoteTestNG.run(AbstractRemoteTestNG.java:115)
at org.testng.remote.RemoteTestNG.initAndRun(RemoteTestNG.java:251)
at org.testng.remote.RemoteTestNG.main(RemoteTestNG.java:77)
]]>
            </full-stacktrace>
          </exception> <!-- org.openqa.selenium.TimeoutException -->
          <reporter-output>
          </reporter-output>
        </test-method> <!-- newsLetter -->
        <test-method status="PASS" signature="setUp()[pri:0, instance:com.DrGarcia.UserTestScripts.FooterPageTest@4fcd19b3]" name="setUp" is-config="true" duration-ms="24987" started-at="2021-11-19T16:59:23 IST" finished-at="2021-11-19T16:59:48 IST">
          <reporter-output>
          </reporter-output>
        </test-method> <!-- setUp -->
        <test-method status="PASS" signature="setUp()[pri:0, instance:com.DrGarcia.UserTestScripts.FooterPageTest@4fcd19b3]" name="setUp" is-config="true" duration-ms="33657" started-at="2021-11-19T17:01:07 IST" finished-at="2021-11-19T17:01:41 IST">
          <reporter-output>
          </reporter-output>
        </test-method> <!-- setUp -->
        <test-method status="FAIL" signature="checkFacebooklink()[pri:2, instance:com.DrGarcia.UserTestScripts.FooterPageTest@4fcd19b3]" name="checkFacebooklink" duration-ms="22767" started-at="2021-11-19T17:01:41 IST" finished-at="2021-11-19T17:02:04 IST">
          <exception class="org.openqa.selenium.TimeoutException">
            <message>
              <![CDATA[timeout: Timed out receiving message from renderer: 20.000
  (Session info: chrome=96.0.4664.45)
Build info: version: '3.141.59', revision: 'e82be7d358', time: '2018-11-14T08:17:03'
System info: host: 'LAPTOP-UMFJ6OLA', ip: '192.168.0.106', os.name: 'Windows 10', os.arch: 'amd64', os.version: '10.0', java.version: '1.8.0_281'
Driver info: org.openqa.selenium.chrome.ChromeDriver
Capabilities {acceptInsecureCerts: false, browserName: chrome, browserVersion: 96.0.4664.45, chrome: {chromedriverVersion: 95.0.4638.69 (6a1600ed572fe..., userDataDir: C:\Users\kalyan\AppData\Loc...}, goog:chromeOptions: {debuggerAddress: localhost:52025}, javascriptEnabled: true, networkConnectionEnabled: false, pageLoadStrategy: normal, platform: WINDOWS, platformName: WINDOWS, proxy: Proxy(), setWindowRect: true, strictFileInteractability: false, timeouts: {implicit: 0, pageLoad: 300000, script: 30000}, unhandledPromptBehavior: dismiss and notify, webauthn:extension:credBlob: true, webauthn:extension:largeBlob: true, webauthn:virtualAuthenticators: true}
Session ID: 022d8618cb2190f3b93705115710bbf6]]>
            </message>
            <full-stacktrace>
              <![CDATA[org.openqa.selenium.TimeoutException: timeout: Timed out receiving message from renderer: 20.000
  (Session info: chrome=96.0.4664.45)
Build info: version: '3.141.59', revision: 'e82be7d358', time: '2018-11-14T08:17:03'
System info: host: 'LAPTOP-UMFJ6OLA', ip: '192.168.0.106', os.name: 'Windows 10', os.arch: 'amd64', os.version: '10.0', java.version: '1.8.0_281'
Driver info: org.openqa.selenium.chrome.ChromeDriver
Capabilities {acceptInsecureCerts: false, browserName: chrome, browserVersion: 96.0.4664.45, chrome: {chromedriverVersion: 95.0.4638.69 (6a1600ed572fe..., userDataDir: C:\Users\kalyan\AppData\Loc...}, goog:chromeOptions: {debuggerAddress: localhost:52025}, javascriptEnabled: true, networkConnectionEnabled: false, pageLoadStrategy: normal, platform: WINDOWS, platformName: WINDOWS, proxy: Proxy(), setWindowRect: true, strictFileInteractability: false, timeouts: {implicit: 0, pageLoad: 300000, script: 30000}, unhandledPromptBehavior: dismiss and notify, webauthn:extension:credBlob: true, webauthn:extension:largeBlob: true, webauthn:virtualAuthenticators: true}
Session ID: 022d8618cb2190f3b93705115710bbf6
at sun.reflect.NativeConstructorAccessorImpl.newInstance0(Native Method)
at sun.reflect.NativeConstructorAccessorImpl.newInstance(NativeConstructorAccessorImpl.java:62)
at sun.reflect.DelegatingConstructorAccessorImpl.newInstance(DelegatingConstructorAccessorImpl.java:45)
at java.lang.reflect.Constructor.newInstance(Constructor.java:423)
at org.openqa.selenium.remote.http.W3CHttpResponseCodec.createException(W3CHttpResponseCodec.java:187)
at org.openqa.selenium.remote.http.W3CHttpResponseCodec.decode(W3CHttpResponseCodec.java:122)
at org.openqa.selenium.remote.http.W3CHttpResponseCodec.decode(W3CHttpResponseCodec.java:49)
at org.openqa.selenium.remote.HttpCommandExecutor.execute(HttpCommandExecutor.java:158)
at org.openqa.selenium.remote.service.DriverCommandExecutor.execute(DriverCommandExecutor.java:83)
at org.openqa.selenium.remote.RemoteWebDriver.execute(RemoteWebDriver.java:552)
at org.openqa.selenium.remote.RemoteWebDriver.execute(RemoteWebDriver.java:609)
at org.openqa.selenium.remote.RemoteWebDriver.getTitle(RemoteWebDriver.java:281)
at com.DrGarcia.UserPageLibrary.LandingPage.footerFacebook(LandingPage.java:136)
at com.DrGarcia.UserTestScripts.FooterPageTest.checkFacebooklink(FooterPageTest.java:55)
at sun.reflect.NativeMethodAccessorImpl.invoke0(Native Method)
at sun.reflect.NativeMethodAccessorImpl.invoke(NativeMethodAccessorImpl.java:62)
at sun.reflect.DelegatingMethodAccessorImpl.invoke(DelegatingMethodAccessorImpl.java:43)
at java.lang.reflect.Method.invoke(Method.java:498)
at org.testng.internal.MethodInvocationHelper.invokeMethod(MethodInvocationHelper.java:133)
at org.testng.internal.TestInvoker.invokeMethod(TestInvoker.java:598)
at org.testng.internal.TestInvoker.invokeTestMethod(TestInvoker.java:173)
at org.testng.internal.MethodRunner.runInSequence(MethodRunner.java:46)
at org.testng.internal.TestInvoker$MethodInvocationAgent.invoke(TestInvoker.java:824)
at org.testng.internal.TestInvoker.invokeTestMethods(TestInvoker.java:146)
at org.testng.internal.TestMethodWorker.invokeTestMethods(TestMethodWorker.java:146)
at org.testng.internal.TestMethodWorker.run(TestMethodWorker.java:128)
at java.util.ArrayList.forEach(ArrayList.java:1259)
at org.testng.TestRunner.privateRun(TestRunner.java:794)
at org.testng.TestRunner.run(TestRunner.java:596)
at org.testng.SuiteRunner.runTest(SuiteRunner.java:377)
at org.testng.SuiteRunner.runSequentially(SuiteRunner.java:371)
at org.testng.SuiteRunner.privateRun(SuiteRunner.java:332)
at org.testng.SuiteRunner.run(SuiteRunner.java:276)
at org.testng.SuiteRunnerWorker.runSuite(SuiteRunnerWorker.java:53)
at org.testng.SuiteRunnerWorker.run(SuiteRunnerWorker.java:96)
at org.testng.TestNG.runSuitesSequentially(TestNG.java:1212)
at org.testng.TestNG.runSuitesLocally(TestNG.java:1134)
at org.testng.TestNG.runSuites(TestNG.java:1063)
at org.testng.TestNG.run(TestNG.java:1031)
at org.testng.remote.AbstractRemoteTestNG.run(AbstractRemoteTestNG.java:115)
at org.testng.remote.RemoteTestNG.initAndRun(RemoteTestNG.java:251)
at org.testng.remote.RemoteTestNG.main(RemoteTestNG.java:77)
]]>
            </full-stacktrace>
          </exception> <!-- org.openqa.selenium.TimeoutException -->
          <reporter-output>
          </reporter-output>
        </test-method> <!-- checkFacebooklink -->
        <test-method status="PASS" signature="close()[pri:0, instance:com.DrGarcia.UserTestScripts.FooterPageTest@4fcd19b3]" name="close" is-config="true" duration-ms="1478" started-at="2021-11-19T17:02:31 IST" finished-at="2021-11-19T17:02:33 IST">
          <reporter-output>
          </reporter-output>
        </test-method> <!-- close -->
        <test-method status="PASS" signature="setUp()[pri:0, instance:com.DrGarcia.UserTestScripts.FooterPageTest@4fcd19b3]" name="setUp" is-config="true" duration-ms="27499" started-at="2021-11-19T17:02:33 IST" finished-at="2021-11-19T17:03:00 IST">
          <reporter-output>
          </reporter-output>
        </test-method> <!-- setUp -->
        <test-method status="FAIL" signature="checkLinkedinnLink()[pri:3, instance:com.DrGarcia.UserTestScripts.FooterPageTest@4fcd19b3]" name="checkLinkedinnLink" duration-ms="5091" started-at="2021-11-19T17:03:00 IST" finished-at="2021-11-19T17:03:05 IST">
          <exception class="java.lang.AssertionError">
            <message>
              <![CDATA[expected [Sign In | LinkedIn] but found [Dr. Garcia Biomagnetism | LinkedIn]]]>
            </message>
            <full-stacktrace>
              <![CDATA[java.lang.AssertionError: expected [Sign In | LinkedIn] but found [Dr. Garcia Biomagnetism | LinkedIn]
at org.testng.Assert.fail(Assert.java:99)
at org.testng.Assert.failNotEquals(Assert.java:1037)
at org.testng.Assert.assertEqualsImpl(Assert.java:140)
at org.testng.Assert.assertEquals(Assert.java:122)
at org.testng.Assert.assertEquals(Assert.java:629)
at org.testng.Assert.assertEquals(Assert.java:639)
at com.DrGarcia.UserPageLibrary.LandingPage.linkedInn(LandingPage.java:148)
at com.DrGarcia.UserTestScripts.FooterPageTest.checkLinkedinnLink(FooterPageTest.java:60)
at sun.reflect.NativeMethodAccessorImpl.invoke0(Native Method)
at sun.reflect.NativeMethodAccessorImpl.invoke(NativeMethodAccessorImpl.java:62)
at sun.reflect.DelegatingMethodAccessorImpl.invoke(DelegatingMethodAccessorImpl.java:43)
at java.lang.reflect.Method.invoke(Method.java:498)
at org.testng.internal.MethodInvocationHelper.invokeMethod(MethodInvocationHelper.java:133)
at org.testng.internal.TestInvoker.invokeMethod(TestInvoker.java:598)
at org.testng.internal.TestInvoker.invokeTestMethod(TestInvoker.java:173)
at org.testng.internal.MethodRunner.runInSequence(MethodRunner.java:46)
at org.testng.internal.TestInvoker$MethodInvocationAgent.invoke(TestInvoker.java:824)
at org.testng.internal.TestInvoker.invokeTestMethods(TestInvoker.java:146)
at org.testng.internal.TestMethodWorker.invokeTestMethods(TestMethodWorker.java:146)
at org.testng.internal.TestMethodWorker.run(TestMethodWorker.java:128)
at java.util.ArrayList.forEach(ArrayList.java:1259)
at org.testng.TestRunner.privateRun(TestRunner.java:794)
at org.testng.TestRunner.run(TestRunner.java:596)
at org.testng.SuiteRunner.runTest(SuiteRunner.java:377)
at org.testng.SuiteRunner.runSequentially(SuiteRunner.java:371)
at org.testng.SuiteRunner.privateRun(SuiteRunner.java:332)
at org.testng.SuiteRunner.run(SuiteRunner.java:276)
at org.testng.SuiteRunnerWorker.runSuite(SuiteRunnerWorker.java:53)
at org.testng.SuiteRunnerWorker.run(SuiteRunnerWorker.java:96)
at org.testng.TestNG.runSuitesSequentially(TestNG.java:1212)
at org.testng.TestNG.runSuitesLocally(TestNG.java:1134)
at org.testng.TestNG.runSuites(TestNG.java:1063)
at org.testng.TestNG.run(TestNG.java:1031)
at org.testng.remote.AbstractRemoteTestNG.run(AbstractRemoteTestNG.java:115)
at org.testng.remote.RemoteTestNG.initAndRun(RemoteTestNG.java:251)
at org.testng.remote.RemoteTestNG.main(RemoteTestNG.java:77)
]]>
            </full-stacktrace>
          </exception> <!-- java.lang.AssertionError -->
          <reporter-output>
          </reporter-output>
        </test-method> <!-- checkLinkedinnLink -->
        <test-method status="PASS" signature="close()[pri:0, instance:com.DrGarcia.UserTestScripts.FooterPageTest@4fcd19b3]" name="close" is-config="true" duration-ms="1529" started-at="2021-11-19T17:03:26 IST" finished-at="2021-11-19T17:03:28 IST">
          <reporter-output>
          </reporter-output>
        </test-method> <!-- close -->
        <test-method status="PASS" signature="setUp()[pri:0, instance:com.DrGarcia.UserTestScripts.FooterPageTest@4fcd19b3]" name="setUp" is-config="true" duration-ms="36085" started-at="2021-11-19T17:03:28 IST" finished-at="2021-11-19T17:04:04 IST">
          <reporter-output>
          </reporter-output>
        </test-method> <!-- setUp -->
        <test-method status="PASS" signature="privacyPolicy()[pri:4, instance:com.DrGarcia.UserTestScripts.FooterPageTest@4fcd19b3]" name="privacyPolicy" duration-ms="1961" started-at="2021-11-19T17:04:04 IST" finished-at="2021-11-19T17:04:06 IST">
          <reporter-output>
          </reporter-output>
        </test-method> <!-- privacyPolicy -->
        <test-method status="PASS" signature="close()[pri:0, instance:com.DrGarcia.UserTestScripts.FooterPageTest@4fcd19b3]" name="close" is-config="true" duration-ms="617" started-at="2021-11-19T17:04:08 IST" finished-at="2021-11-19T17:04:09 IST">
          <reporter-output>
          </reporter-output>
        </test-method> <!-- close -->
        <test-method status="PASS" signature="setUp()[pri:0, instance:com.DrGarcia.UserTestScripts.FooterPageTest@4fcd19b3]" name="setUp" is-config="true" duration-ms="28888" started-at="2021-11-19T17:04:09 IST" finished-at="2021-11-19T17:04:38 IST">
          <reporter-output>
          </reporter-output>
        </test-method> <!-- setUp -->
        <test-method status="PASS" signature="termsConditions()[pri:5, instance:com.DrGarcia.UserTestScripts.FooterPageTest@4fcd19b3]" name="termsConditions" duration-ms="1380" started-at="2021-11-19T17:04:38 IST" finished-at="2021-11-19T17:04:39 IST">
          <reporter-output>
          </reporter-output>
        </test-method> <!-- termsConditions -->
        <test-method status="PASS" signature="close()[pri:0, instance:com.DrGarcia.UserTestScripts.FooterPageTest@4fcd19b3]" name="close" is-config="true" duration-ms="750" started-at="2021-11-19T17:04:46 IST" finished-at="2021-11-19T17:04:47 IST">
          <reporter-output>
          </reporter-output>
        </test-method> <!-- close -->
        <test-method status="PASS" signature="setUp()[pri:0, instance:com.DrGarcia.UserTestScripts.FooterPageTest@4fcd19b3]" name="setUp" is-config="true" duration-ms="29961" started-at="2021-11-19T17:04:47 IST" finished-at="2021-11-19T17:05:17 IST">
          <reporter-output>
          </reporter-output>
        </test-method> <!-- setUp -->
        <test-method status="PASS" signature="poweredByHelenzys()[pri:6, instance:com.DrGarcia.UserTestScripts.FooterPageTest@4fcd19b3]" name="poweredByHelenzys" duration-ms="10501" started-at="2021-11-19T17:05:17 IST" finished-at="2021-11-19T17:05:28 IST">
          <reporter-output>
          </reporter-output>
        </test-method> <!-- poweredByHelenzys -->
        <test-method status="PASS" signature="close()[pri:0, instance:com.DrGarcia.UserTestScripts.FooterPageTest@4fcd19b3]" name="close" is-config="true" duration-ms="1081" started-at="2021-11-19T17:05:44 IST" finished-at="2021-11-19T17:05:45 IST">
          <reporter-output>
          </reporter-output>
        </test-method> <!-- close -->
        <test-method status="PASS" signature="setUp()[pri:0, instance:com.DrGarcia.UserTestScripts.FooterPageTest@4fcd19b3]" name="setUp" is-config="true" duration-ms="35794" started-at="2021-11-19T17:05:45 IST" finished-at="2021-11-19T17:06:20 IST">
          <reporter-output>
          </reporter-output>
        </test-method> <!-- setUp -->
        <test-method status="PASS" signature="recentPost()[pri:7, instance:com.DrGarcia.UserTestScripts.FooterPageTest@4fcd19b3]" name="recentPost" duration-ms="2629" started-at="2021-11-19T17:06:20 IST" finished-at="2021-11-19T17:06:23 IST">
          <reporter-output>
          </reporter-output>
        </test-method> <!-- recentPost -->
        <test-method status="PASS" signature="close()[pri:0, instance:com.DrGarcia.UserTestScripts.FooterPageTest@4fcd19b3]" name="close" is-config="true" duration-ms="639" started-at="2021-11-19T17:06:29 IST" finished-at="2021-11-19T17:06:29 IST">
          <reporter-output>
          </reporter-output>
        </test-method> <!-- close -->
      </class> <!-- com.DrGarcia.UserTestScripts.FooterPageTest -->
    </test> <!-- Test -->
  </suite> <!-- Suite -->
</testng-results>
